<?xml version="1.0" encoding="UTF-8"?>
<robot generator="Robot 3.1.1 (Python 3.5.1 on win32)" generated="20191201 23:08:26.707" rpa="false">
<suite name="Cars" source="D:\DemoProject\RobotFramework_E2E\data-driven-ext-csv\tests\Cars.robot" id="s1">
<test name="Should see correct error messages with invalid logins" id="s1-t1">
<kw library="Common" name="Begin Web Test" type="setup">
<kw library="SeleniumLibrary" name="Open Browser">
<doc>Opens a new browser instance to the given ``url``.</doc>
<arguments>
<arg>about:blank</arg>
<arg>${BROWSER}</arg>
</arguments>
<msg level="INFO" timestamp="20191201 23:08:27.085">Opening browser 'chrome' to base url 'about:blank'.</msg>
<status status="PASS" endtime="20191201 23:08:32.728" starttime="20191201 23:08:27.085"></status>
</kw>
<status status="PASS" endtime="20191201 23:08:32.728" starttime="20191201 23:08:27.084"></status>
</kw>
<kw library="DataManager" name="Get CSV Data">
<arguments>
<arg>${INVALID_CREDENTIALS_PATH_CSV}</arg>
</arguments>
<assign>
<var>${InvalidLoginScenarios}</var>
</assign>
<kw library="Csv" name="Read Csv File">
<arguments>
<arg>${FilePath}</arg>
</arguments>
<assign>
<var>${Data}</var>
</assign>
<msg level="INFO" timestamp="20191201 23:08:32.740">${Data} = [['admin@robotframeworktutorial.com', 'TestPassword!', "You haven't signed up yet. Try a different email address or"], ['sagar@example.com', 'TestPassword', "You haven't signed up yet. Try a different...</msg>
<status status="PASS" endtime="20191201 23:08:32.740" starttime="20191201 23:08:32.730"></status>
</kw>
<msg level="INFO" timestamp="20191201 23:08:32.740">${InvalidLoginScenarios} = [['admin@robotframeworktutorial.com', 'TestPassword!', "You haven't signed up yet. Try a different email address or"], ['sagar@example.com', 'TestPassword', "You haven't signed up yet. Try a different...</msg>
<status status="PASS" endtime="20191201 23:08:32.740" starttime="20191201 23:08:32.729"></status>
</kw>
<kw library="CarsApp" name="Login with many invalid credentials">
<arguments>
<arg>${InvalidLoginScenarios}</arg>
</arguments>
<kw name="${LoginScenario} IN [ @{InvalidLoginScenarios} ]" type="for">
<kw name="${LoginScenario} = ['admin@robotframeworktutorial.com', 'TestPassword!', &quot;You haven't signed up yet. Try a different email address or&quot;]" type="foritem">
<kw library="BuiltIn" name="Run Keyword And Continue On Failure">
<doc>Runs the keyword and continues execution even if a failure occurs.</doc>
<arguments>
<arg>SignIn.Navigate To</arg>
</arguments>
<kw library="SignIn" name="Navigate To">
<kw library="BuiltIn" name="Catenate">
<doc>Catenates the given items together and returns the resulted string.</doc>
<arguments>
<arg>SEPARATOR=/</arg>
<arg>${BASE_URL.${ENVIRONMENT}}</arg>
<arg>${LOGIN_URL}</arg>
</arguments>
<assign>
<var>${SignInUrl}</var>
</assign>
<msg level="INFO" timestamp="20191201 23:08:32.744">${SignInUrl} = https://www.cars.com//profile/secure/login</msg>
<status status="PASS" endtime="20191201 23:08:32.744" starttime="20191201 23:08:32.743"></status>
</kw>
<kw library="SeleniumLibrary" name="Go To">
<doc>Navigates the active browser instance to the provided ``url``.</doc>
<arguments>
<arg>${SignInUrl}</arg>
</arguments>
<msg level="INFO" timestamp="20191201 23:08:32.744">Opening url 'https://www.cars.com//profile/secure/login'</msg>
<status status="PASS" endtime="20191201 23:08:38.723" starttime="20191201 23:08:32.744"></status>
</kw>
<status status="PASS" endtime="20191201 23:08:38.723" starttime="20191201 23:08:32.743"></status>
</kw>
<status status="PASS" endtime="20191201 23:08:38.723" starttime="20191201 23:08:32.743"></status>
</kw>
<kw library="BuiltIn" name="Run Keyword And Continue On Failure">
<doc>Runs the keyword and continues execution even if a failure occurs.</doc>
<arguments>
<arg>Attempt Login</arg>
<arg>${LoginScenario}</arg>
</arguments>
<kw library="CarsApp" name="Attempt Login">
<arguments>
<arg>${LoginScenario}</arg>
</arguments>
<kw library="SignIn" name="Enter Credentials">
<arguments>
<arg>${Credentials}</arg>
</arguments>
<kw library="BuiltIn" name="Run Keyword Unless">
<doc>Runs the given keyword with the given arguments if ``condition`` is false.</doc>
<arguments>
<arg>'${Credentials[0]}' == '#BLANK'</arg>
<arg>Input Text</arg>
<arg>${SIGN_IN_EMAIL}</arg>
<arg>${Credentials[0]}</arg>
</arguments>
<kw library="SeleniumLibrary" name="Input Text">
<doc>Types the given ``text`` into text field identified by ``locator``.</doc>
<arguments>
<arg>${SIGN_IN_EMAIL}</arg>
<arg>${Credentials[0]}</arg>
</arguments>
<msg level="INFO" timestamp="20191201 23:08:38.725">Typing text 'admin@robotframeworktutorial.com' into text field 'xpath=/html/body/div[2]/section/cars-profiles-lsp/cui-tabs/div/ul[2]/li[1]/div/cars-login-form/div/div[3]/form/input[1]'.</msg>
<status status="PASS" endtime="20191201 23:08:39.067" starttime="20191201 23:08:38.725"></status>
</kw>
<status status="PASS" endtime="20191201 23:08:39.067" starttime="20191201 23:08:38.725"></status>
</kw>
<kw library="BuiltIn" name="Run Keyword Unless">
<doc>Runs the given keyword with the given arguments if ``condition`` is false.</doc>
<arguments>
<arg>'${Credentials[1]}' == '#BLANK'</arg>
<arg>Input Text</arg>
<arg>${SIGN_IN_PASSWORD}</arg>
<arg>${Credentials[1]}</arg>
</arguments>
<kw library="SeleniumLibrary" name="Input Text">
<doc>Types the given ``text`` into text field identified by ``locator``.</doc>
<arguments>
<arg>${SIGN_IN_PASSWORD}</arg>
<arg>${Credentials[1]}</arg>
</arguments>
<msg level="INFO" timestamp="20191201 23:08:39.068">Typing text 'TestPassword!' into text field 'xpath=/html/body/div[2]/section/cars-profiles-lsp/cui-tabs/div/ul[2]/li[1]/div/cars-login-form/div/div[3]/form/input[2]'.</msg>
<status status="PASS" endtime="20191201 23:08:39.221" starttime="20191201 23:08:39.068"></status>
</kw>
<status status="PASS" endtime="20191201 23:08:39.221" starttime="20191201 23:08:39.067"></status>
</kw>
<status status="PASS" endtime="20191201 23:08:39.221" starttime="20191201 23:08:38.724"></status>
</kw>
<kw library="SignIn" name="Click Submit">
<kw library="SeleniumLibrary" name="Click Button">
<doc>Clicks button identified by ``locator``.</doc>
<arguments>
<arg>${LOGIN_SUBMIT_BUTTON}</arg>
</arguments>
<msg level="INFO" timestamp="20191201 23:08:39.222">Clicking button 'Log In'.</msg>
<status status="PASS" endtime="20191201 23:08:39.323" starttime="20191201 23:08:39.222"></status>
</kw>
<status status="PASS" endtime="20191201 23:08:39.323" starttime="20191201 23:08:39.221"></status>
</kw>
<kw library="BuiltIn" name="Sleep">
<doc>Pauses the test executed for the given time.</doc>
<arguments>
<arg>3s</arg>
</arguments>
<msg level="INFO" timestamp="20191201 23:08:42.325">Slept 3 seconds</msg>
<status status="PASS" endtime="20191201 23:08:42.325" starttime="20191201 23:08:39.324"></status>
</kw>
<status status="PASS" endtime="20191201 23:08:42.325" starttime="20191201 23:08:38.723"></status>
</kw>
<status status="PASS" endtime="20191201 23:08:42.326" starttime="20191201 23:08:38.723"></status>
</kw>
<kw library="BuiltIn" name="Run Keyword And Continue On Failure">
<doc>Runs the keyword and continues execution even if a failure occurs.</doc>
<arguments>
<arg>Verify Login Page Error Message</arg>
<arg>${LoginScenario}</arg>
</arguments>
<kw library="CarsApp" name="Verify Login Page Error Message">
<arguments>
<arg>${LoginScenario}</arg>
</arguments>
<kw library="SignIn" name="Verify Error Message">
<arguments>
<arg>${ExpectedErrorMessage}</arg>
</arguments>
<kw library="SeleniumLibrary" name="Page Should Contain">
<doc>Verifies that current page contains ``text``.</doc>
<arguments>
<arg>${ExpectedErrorMessage[2]}</arg>
</arguments>
<kw library="SeleniumLibrary" name="Capture Page Screenshot">
<doc>Takes screenshot of the current page and embeds it into log file.</doc>
<msg html="yes" level="INFO" timestamp="20191201 23:08:43.002">&lt;/td&gt;&lt;/tr&gt;&lt;tr&gt;&lt;td colspan="3"&gt;&lt;a href="selenium-screenshot-8.png"&gt;&lt;img src="selenium-screenshot-8.png" width="800px"&gt;&lt;/a&gt;</msg>
<status status="PASS" endtime="20191201 23:08:43.002" starttime="20191201 23:08:42.660"></status>
</kw>
<msg level="FAIL" timestamp="20191201 23:08:43.016">NoSuchFrameException: Message: no such frame: element is not a frame
  (Session info: chrome=78.0.3904.108)
</msg>
<status status="FAIL" endtime="20191201 23:08:43.016" starttime="20191201 23:08:42.329"></status>
</kw>
<status status="FAIL" endtime="20191201 23:08:43.017" starttime="20191201 23:08:42.328"></status>
</kw>
<status status="FAIL" endtime="20191201 23:08:43.017" starttime="20191201 23:08:42.326"></status>
</kw>
<status status="FAIL" endtime="20191201 23:08:43.017" starttime="20191201 23:08:42.326"></status>
</kw>
<status status="FAIL" endtime="20191201 23:08:43.017" starttime="20191201 23:08:32.742"></status>
</kw>
<kw name="${LoginScenario} = ['sagar@example.com', 'TestPassword', &quot;You haven't signed up yet. Try a different email address or&quot;]" type="foritem">
<kw library="BuiltIn" name="Run Keyword And Continue On Failure">
<doc>Runs the keyword and continues execution even if a failure occurs.</doc>
<arguments>
<arg>SignIn.Navigate To</arg>
</arguments>
<kw library="SignIn" name="Navigate To">
<kw library="BuiltIn" name="Catenate">
<doc>Catenates the given items together and returns the resulted string.</doc>
<arguments>
<arg>SEPARATOR=/</arg>
<arg>${BASE_URL.${ENVIRONMENT}}</arg>
<arg>${LOGIN_URL}</arg>
</arguments>
<assign>
<var>${SignInUrl}</var>
</assign>
<msg level="INFO" timestamp="20191201 23:08:43.020">${SignInUrl} = https://www.cars.com//profile/secure/login</msg>
<status status="PASS" endtime="20191201 23:08:43.020" starttime="20191201 23:08:43.019"></status>
</kw>
<kw library="SeleniumLibrary" name="Go To">
<doc>Navigates the active browser instance to the provided ``url``.</doc>
<arguments>
<arg>${SignInUrl}</arg>
</arguments>
<msg level="INFO" timestamp="20191201 23:08:43.020">Opening url 'https://www.cars.com//profile/secure/login'</msg>
<status status="PASS" endtime="20191201 23:08:45.303" starttime="20191201 23:08:43.020"></status>
</kw>
<status status="PASS" endtime="20191201 23:08:45.304" starttime="20191201 23:08:43.018"></status>
</kw>
<status status="PASS" endtime="20191201 23:08:45.304" starttime="20191201 23:08:43.018"></status>
</kw>
<kw library="BuiltIn" name="Run Keyword And Continue On Failure">
<doc>Runs the keyword and continues execution even if a failure occurs.</doc>
<arguments>
<arg>Attempt Login</arg>
<arg>${LoginScenario}</arg>
</arguments>
<kw library="CarsApp" name="Attempt Login">
<arguments>
<arg>${LoginScenario}</arg>
</arguments>
<kw library="SignIn" name="Enter Credentials">
<arguments>
<arg>${Credentials}</arg>
</arguments>
<kw library="BuiltIn" name="Run Keyword Unless">
<doc>Runs the given keyword with the given arguments if ``condition`` is false.</doc>
<arguments>
<arg>'${Credentials[0]}' == '#BLANK'</arg>
<arg>Input Text</arg>
<arg>${SIGN_IN_EMAIL}</arg>
<arg>${Credentials[0]}</arg>
</arguments>
<kw library="SeleniumLibrary" name="Input Text">
<doc>Types the given ``text`` into text field identified by ``locator``.</doc>
<arguments>
<arg>${SIGN_IN_EMAIL}</arg>
<arg>${Credentials[0]}</arg>
</arguments>
<msg level="INFO" timestamp="20191201 23:08:45.306">Typing text 'sagar@example.com' into text field 'xpath=/html/body/div[2]/section/cars-profiles-lsp/cui-tabs/div/ul[2]/li[1]/div/cars-login-form/div/div[3]/form/input[1]'.</msg>
<status status="PASS" endtime="20191201 23:08:45.541" starttime="20191201 23:08:45.306"></status>
</kw>
<status status="PASS" endtime="20191201 23:08:45.541" starttime="20191201 23:08:45.306"></status>
</kw>
<kw library="BuiltIn" name="Run Keyword Unless">
<doc>Runs the given keyword with the given arguments if ``condition`` is false.</doc>
<arguments>
<arg>'${Credentials[1]}' == '#BLANK'</arg>
<arg>Input Text</arg>
<arg>${SIGN_IN_PASSWORD}</arg>
<arg>${Credentials[1]}</arg>
</arguments>
<kw library="SeleniumLibrary" name="Input Text">
<doc>Types the given ``text`` into text field identified by ``locator``.</doc>
<arguments>
<arg>${SIGN_IN_PASSWORD}</arg>
<arg>${Credentials[1]}</arg>
</arguments>
<msg level="INFO" timestamp="20191201 23:08:45.542">Typing text 'TestPassword' into text field 'xpath=/html/body/div[2]/section/cars-profiles-lsp/cui-tabs/div/ul[2]/li[1]/div/cars-login-form/div/div[3]/form/input[2]'.</msg>
<status status="PASS" endtime="20191201 23:08:45.708" starttime="20191201 23:08:45.542"></status>
</kw>
<status status="PASS" endtime="20191201 23:08:45.708" starttime="20191201 23:08:45.541"></status>
</kw>
<status status="PASS" endtime="20191201 23:08:45.708" starttime="20191201 23:08:45.305"></status>
</kw>
<kw library="SignIn" name="Click Submit">
<kw library="SeleniumLibrary" name="Click Button">
<doc>Clicks button identified by ``locator``.</doc>
<arguments>
<arg>${LOGIN_SUBMIT_BUTTON}</arg>
</arguments>
<msg level="INFO" timestamp="20191201 23:08:45.711">Clicking button 'Log In'.</msg>
<status status="PASS" endtime="20191201 23:08:45.839" starttime="20191201 23:08:45.709"></status>
</kw>
<status status="PASS" endtime="20191201 23:08:45.839" starttime="20191201 23:08:45.708"></status>
</kw>
<kw library="BuiltIn" name="Sleep">
<doc>Pauses the test executed for the given time.</doc>
<arguments>
<arg>3s</arg>
</arguments>
<msg level="INFO" timestamp="20191201 23:08:48.840">Slept 3 seconds</msg>
<status status="PASS" endtime="20191201 23:08:48.840" starttime="20191201 23:08:45.839"></status>
</kw>
<status status="PASS" endtime="20191201 23:08:48.840" starttime="20191201 23:08:45.304"></status>
</kw>
<status status="PASS" endtime="20191201 23:08:48.840" starttime="20191201 23:08:45.304"></status>
</kw>
<kw library="BuiltIn" name="Run Keyword And Continue On Failure">
<doc>Runs the keyword and continues execution even if a failure occurs.</doc>
<arguments>
<arg>Verify Login Page Error Message</arg>
<arg>${LoginScenario}</arg>
</arguments>
<kw library="CarsApp" name="Verify Login Page Error Message">
<arguments>
<arg>${LoginScenario}</arg>
</arguments>
<kw library="SignIn" name="Verify Error Message">
<arguments>
<arg>${ExpectedErrorMessage}</arg>
</arguments>
<kw library="SeleniumLibrary" name="Page Should Contain">
<doc>Verifies that current page contains ``text``.</doc>
<arguments>
<arg>${ExpectedErrorMessage[2]}</arg>
</arguments>
<kw library="SeleniumLibrary" name="Capture Page Screenshot">
<doc>Takes screenshot of the current page and embeds it into log file.</doc>
<msg html="yes" level="INFO" timestamp="20191201 23:08:49.468">&lt;/td&gt;&lt;/tr&gt;&lt;tr&gt;&lt;td colspan="3"&gt;&lt;a href="selenium-screenshot-9.png"&gt;&lt;img src="selenium-screenshot-9.png" width="800px"&gt;&lt;/a&gt;</msg>
<status status="PASS" endtime="20191201 23:08:49.468" starttime="20191201 23:08:49.142"></status>
</kw>
<msg level="FAIL" timestamp="20191201 23:08:49.471">NoSuchFrameException: Message: no such frame: element is not a frame
  (Session info: chrome=78.0.3904.108)
</msg>
<status status="FAIL" endtime="20191201 23:08:49.471" starttime="20191201 23:08:48.844"></status>
</kw>
<status status="FAIL" endtime="20191201 23:08:49.471" starttime="20191201 23:08:48.843"></status>
</kw>
<status status="FAIL" endtime="20191201 23:08:49.471" starttime="20191201 23:08:48.841"></status>
</kw>
<status status="FAIL" endtime="20191201 23:08:49.472" starttime="20191201 23:08:48.840"></status>
</kw>
<status status="FAIL" endtime="20191201 23:08:49.472" starttime="20191201 23:08:43.018"></status>
</kw>
<kw name="${LoginScenario} = ['#BLANK', '#BLANK', 'Please enter your email address and password']" type="foritem">
<kw library="BuiltIn" name="Run Keyword And Continue On Failure">
<doc>Runs the keyword and continues execution even if a failure occurs.</doc>
<arguments>
<arg>SignIn.Navigate To</arg>
</arguments>
<kw library="SignIn" name="Navigate To">
<kw library="BuiltIn" name="Catenate">
<doc>Catenates the given items together and returns the resulted string.</doc>
<arguments>
<arg>SEPARATOR=/</arg>
<arg>${BASE_URL.${ENVIRONMENT}}</arg>
<arg>${LOGIN_URL}</arg>
</arguments>
<assign>
<var>${SignInUrl}</var>
</assign>
<msg level="INFO" timestamp="20191201 23:08:49.473">${SignInUrl} = https://www.cars.com//profile/secure/login</msg>
<status status="PASS" endtime="20191201 23:08:49.473" starttime="20191201 23:08:49.473"></status>
</kw>
<kw library="SeleniumLibrary" name="Go To">
<doc>Navigates the active browser instance to the provided ``url``.</doc>
<arguments>
<arg>${SignInUrl}</arg>
</arguments>
<msg level="INFO" timestamp="20191201 23:08:49.474">Opening url 'https://www.cars.com//profile/secure/login'</msg>
<status status="PASS" endtime="20191201 23:08:50.786" starttime="20191201 23:08:49.473"></status>
</kw>
<status status="PASS" endtime="20191201 23:08:50.786" starttime="20191201 23:08:49.472"></status>
</kw>
<status status="PASS" endtime="20191201 23:08:50.786" starttime="20191201 23:08:49.472"></status>
</kw>
<kw library="BuiltIn" name="Run Keyword And Continue On Failure">
<doc>Runs the keyword and continues execution even if a failure occurs.</doc>
<arguments>
<arg>Attempt Login</arg>
<arg>${LoginScenario}</arg>
</arguments>
<kw library="CarsApp" name="Attempt Login">
<arguments>
<arg>${LoginScenario}</arg>
</arguments>
<kw library="SignIn" name="Enter Credentials">
<arguments>
<arg>${Credentials}</arg>
</arguments>
<kw library="BuiltIn" name="Run Keyword Unless">
<doc>Runs the given keyword with the given arguments if ``condition`` is false.</doc>
<arguments>
<arg>'${Credentials[0]}' == '#BLANK'</arg>
<arg>Input Text</arg>
<arg>${SIGN_IN_EMAIL}</arg>
<arg>${Credentials[0]}</arg>
</arguments>
<status status="PASS" endtime="20191201 23:08:50.788" starttime="20191201 23:08:50.788"></status>
</kw>
<kw library="BuiltIn" name="Run Keyword Unless">
<doc>Runs the given keyword with the given arguments if ``condition`` is false.</doc>
<arguments>
<arg>'${Credentials[1]}' == '#BLANK'</arg>
<arg>Input Text</arg>
<arg>${SIGN_IN_PASSWORD}</arg>
<arg>${Credentials[1]}</arg>
</arguments>
<status status="PASS" endtime="20191201 23:08:50.789" starttime="20191201 23:08:50.788"></status>
</kw>
<status status="PASS" endtime="20191201 23:08:50.789" starttime="20191201 23:08:50.788"></status>
</kw>
<kw library="SignIn" name="Click Submit">
<kw library="SeleniumLibrary" name="Click Button">
<doc>Clicks button identified by ``locator``.</doc>
<arguments>
<arg>${LOGIN_SUBMIT_BUTTON}</arg>
</arguments>
<msg level="INFO" timestamp="20191201 23:08:50.790">Clicking button 'Log In'.</msg>
<status status="PASS" endtime="20191201 23:08:50.933" starttime="20191201 23:08:50.790"></status>
</kw>
<status status="PASS" endtime="20191201 23:08:50.933" starttime="20191201 23:08:50.789"></status>
</kw>
<kw library="BuiltIn" name="Sleep">
<doc>Pauses the test executed for the given time.</doc>
<arguments>
<arg>3s</arg>
</arguments>
<msg level="INFO" timestamp="20191201 23:08:53.934">Slept 3 seconds</msg>
<status status="PASS" endtime="20191201 23:08:53.934" starttime="20191201 23:08:50.933"></status>
</kw>
<status status="PASS" endtime="20191201 23:08:53.934" starttime="20191201 23:08:50.786"></status>
</kw>
<status status="PASS" endtime="20191201 23:08:53.934" starttime="20191201 23:08:50.786"></status>
</kw>
<kw library="BuiltIn" name="Run Keyword And Continue On Failure">
<doc>Runs the keyword and continues execution even if a failure occurs.</doc>
<arguments>
<arg>Verify Login Page Error Message</arg>
<arg>${LoginScenario}</arg>
</arguments>
<kw library="CarsApp" name="Verify Login Page Error Message">
<arguments>
<arg>${LoginScenario}</arg>
</arguments>
<kw library="SignIn" name="Verify Error Message">
<arguments>
<arg>${ExpectedErrorMessage}</arg>
</arguments>
<kw library="SeleniumLibrary" name="Page Should Contain">
<doc>Verifies that current page contains ``text``.</doc>
<arguments>
<arg>${ExpectedErrorMessage[2]}</arg>
</arguments>
<msg level="INFO" timestamp="20191201 23:08:53.961">Current page contains text 'Please enter your email address and password'.</msg>
<status status="PASS" endtime="20191201 23:08:53.961" starttime="20191201 23:08:53.937"></status>
</kw>
<status status="PASS" endtime="20191201 23:08:53.961" starttime="20191201 23:08:53.936"></status>
</kw>
<status status="PASS" endtime="20191201 23:08:53.961" starttime="20191201 23:08:53.935"></status>
</kw>
<status status="PASS" endtime="20191201 23:08:53.962" starttime="20191201 23:08:53.935"></status>
</kw>
<status status="PASS" endtime="20191201 23:08:53.962" starttime="20191201 23:08:49.472"></status>
</kw>
<status status="FAIL" endtime="20191201 23:08:53.962" starttime="20191201 23:08:32.742"></status>
</kw>
<status status="FAIL" endtime="20191201 23:08:53.962" starttime="20191201 23:08:32.742"></status>
</kw>
<kw library="Common" name="End Web Test" type="teardown">
<kw library="SeleniumLibrary" name="Close All Browsers">
<doc>Closes all open browsers and resets the browser cache.</doc>
<status status="PASS" endtime="20191201 23:08:56.240" starttime="20191201 23:08:53.964"></status>
</kw>
<status status="PASS" endtime="20191201 23:08:56.240" starttime="20191201 23:08:53.963"></status>
</kw>
<status status="FAIL" critical="yes" endtime="20191201 23:08:56.241" starttime="20191201 23:08:27.083">Several failures occurred:

1) NoSuchFrameException: Message: no such frame: element is not a frame
  (Session info: chrome=78.0.3904.108)


2) NoSuchFrameException: Message: no such frame: element is not a frame
  (Session info: chrome=78.0.3904.108)
</status>
</test>
<doc>Demonstrate a need for data-driven testing</doc>
<status status="FAIL" endtime="20191201 23:08:56.244" starttime="20191201 23:08:26.709"></status>
</suite>
<statistics>
<total>
<stat fail="1" pass="0">Critical Tests</stat>
<stat fail="1" pass="0">All Tests</stat>
</total>
<tag>
</tag>
<suite>
<stat fail="1" name="Cars" pass="0" id="s1">Cars</stat>
</suite>
</statistics>
<errors>
</errors>
</robot>
