<?xml version="1.0" encoding="UTF-8"?>
<robot generator="Robot 3.1.1 (Python 3.6.4 on darwin)" generated="20190205 12:05:19.199" rpa="false">
<suite id="s1" name="Cars" source="/Users/sdodia/PycharmProjects/Automation/data-driven-ext-csv/tests/Cars.robot">
<test id="s1-t1" name="Should see correct error messages with invalid logins">
<kw name="Begin Web Test" library="Common" type="setup">
<kw name="Open Browser" library="SeleniumLibrary">
<doc>Opens a new browser instance to the given ``url``.</doc>
<arguments>
<arg>about:blank</arg>
<arg>${BROWSER}</arg>
</arguments>
<msg timestamp="20190205 12:05:19.344" level="INFO">Opening browser 'chrome' to base url 'about:blank'.</msg>
<status status="PASS" starttime="20190205 12:05:19.343" endtime="20190205 12:05:21.237"></status>
</kw>
<status status="PASS" starttime="20190205 12:05:19.343" endtime="20190205 12:05:21.237"></status>
</kw>
<kw name="Get CSV Data" library="DataManager">
<arguments>
<arg>${INVALID_CREDENTIALS_PATH_CSV}</arg>
</arguments>
<assign>
<var>${InvalidLoginScenarios}</var>
</assign>
<kw name="Read Csv File" library="Csv">
<arguments>
<arg>${FilePath}</arg>
</arguments>
<assign>
<var>${Data}</var>
</assign>
<msg timestamp="20190205 12:05:21.239" level="INFO">${Data} = [['admin@robotframeworktutorial.com', 'TestPassword!', "You haven't signed up yet. Try a different email address or"], ['sagar@example.com', 'TestPassword', "You haven't signed up yet. Try a different...</msg>
<status status="PASS" starttime="20190205 12:05:21.239" endtime="20190205 12:05:21.239"></status>
</kw>
<msg timestamp="20190205 12:05:21.239" level="INFO">${InvalidLoginScenarios} = [['admin@robotframeworktutorial.com', 'TestPassword!', "You haven't signed up yet. Try a different email address or"], ['sagar@example.com', 'TestPassword', "You haven't signed up yet. Try a different...</msg>
<status status="PASS" starttime="20190205 12:05:21.238" endtime="20190205 12:05:21.239"></status>
</kw>
<kw name="Login with many invalid credentials" library="CarsApp">
<arguments>
<arg>${InvalidLoginScenarios}</arg>
</arguments>
<kw name="${LoginScenario} IN [ @{InvalidLoginScenarios} ]" type="for">
<kw name="${LoginScenario} = ['admin@robotframeworktutorial.com', 'TestPassword!', &quot;You haven't signed up yet. Try a different email address or&quot;]" type="foritem">
<kw name="Navigate To" library="SignIn">
<kw name="Catenate" library="BuiltIn">
<doc>Catenates the given items together and returns the resulted string.</doc>
<arguments>
<arg>SEPARATOR=/</arg>
<arg>${BASE_URL.${ENVIRONMENT}}</arg>
<arg>${LOGIN_URL}</arg>
</arguments>
<assign>
<var>${SignInUrl}</var>
</assign>
<msg timestamp="20190205 12:05:21.243" level="INFO">${SignInUrl} = https://www.cars.com//profile/secure/login</msg>
<status status="PASS" starttime="20190205 12:05:21.242" endtime="20190205 12:05:21.243"></status>
</kw>
<kw name="Go To" library="SeleniumLibrary">
<doc>Navigates the active browser instance to the provided ``url``.</doc>
<arguments>
<arg>${SignInUrl}</arg>
</arguments>
<msg timestamp="20190205 12:05:21.243" level="INFO">Opening url 'https://www.cars.com//profile/secure/login'</msg>
<status status="PASS" starttime="20190205 12:05:21.243" endtime="20190205 12:05:43.674"></status>
</kw>
<status status="PASS" starttime="20190205 12:05:21.240" endtime="20190205 12:05:43.675"></status>
</kw>
<kw name="Attempt Login" library="CarsApp">
<arguments>
<arg>${LoginScenario}</arg>
</arguments>
<kw name="Enter Credentials" library="SignIn">
<arguments>
<arg>${Credentials}</arg>
</arguments>
<kw name="Run Keyword Unless" library="BuiltIn">
<doc>Runs the given keyword with the given arguments if ``condition`` is false.</doc>
<arguments>
<arg>'${Credentials[0]}' == '#BLANK'</arg>
<arg>Input Text</arg>
<arg>${SIGN_IN_EMAIL}</arg>
<arg>${Credentials[0]}</arg>
</arguments>
<kw name="Input Text" library="SeleniumLibrary">
<doc>Types the given ``text`` into text field identified by ``locator``.</doc>
<arguments>
<arg>${SIGN_IN_EMAIL}</arg>
<arg>${Credentials[0]}</arg>
</arguments>
<msg timestamp="20190205 12:05:43.677" level="INFO">Typing text 'admin@robotframeworktutorial.com' into text field 'xpath=/html/body/div[2]/section/cars-profiles-lsp/cui-tabs/div/ul[2]/li[1]/div/cars-login-form/div/div[3]/form/input[1]'.</msg>
<status status="PASS" starttime="20190205 12:05:43.677" endtime="20190205 12:05:43.860"></status>
</kw>
<status status="PASS" starttime="20190205 12:05:43.676" endtime="20190205 12:05:43.860"></status>
</kw>
<kw name="Run Keyword Unless" library="BuiltIn">
<doc>Runs the given keyword with the given arguments if ``condition`` is false.</doc>
<arguments>
<arg>'${Credentials[1]}' == '#BLANK'</arg>
<arg>Input Text</arg>
<arg>${SIGN_IN_PASSWORD}</arg>
<arg>${Credentials[1]}</arg>
</arguments>
<kw name="Input Text" library="SeleniumLibrary">
<doc>Types the given ``text`` into text field identified by ``locator``.</doc>
<arguments>
<arg>${SIGN_IN_PASSWORD}</arg>
<arg>${Credentials[1]}</arg>
</arguments>
<msg timestamp="20190205 12:05:43.861" level="INFO">Typing text 'TestPassword!' into text field 'xpath=/html/body/div[2]/section/cars-profiles-lsp/cui-tabs/div/ul[2]/li[1]/div/cars-login-form/div/div[3]/form/input[2]'.</msg>
<status status="PASS" starttime="20190205 12:05:43.861" endtime="20190205 12:05:43.955"></status>
</kw>
<status status="PASS" starttime="20190205 12:05:43.860" endtime="20190205 12:05:43.955"></status>
</kw>
<status status="PASS" starttime="20190205 12:05:43.675" endtime="20190205 12:05:43.956"></status>
</kw>
<kw name="Click Submit" library="SignIn">
<kw name="Click Button" library="SeleniumLibrary">
<doc>Clicks button identified by ``locator``.</doc>
<arguments>
<arg>${LOGIN_SUBMIT_BUTTON}</arg>
</arguments>
<msg timestamp="20190205 12:05:43.956" level="INFO">Clicking button 'Log In'.</msg>
<status status="PASS" starttime="20190205 12:05:43.956" endtime="20190205 12:05:44.037"></status>
</kw>
<status status="PASS" starttime="20190205 12:05:43.956" endtime="20190205 12:05:44.037"></status>
</kw>
<kw name="Sleep" library="BuiltIn">
<doc>Pauses the test executed for the given time.</doc>
<arguments>
<arg>3s</arg>
</arguments>
<msg timestamp="20190205 12:05:47.039" level="INFO">Slept 3 seconds</msg>
<status status="PASS" starttime="20190205 12:05:44.037" endtime="20190205 12:05:47.039"></status>
</kw>
<status status="PASS" starttime="20190205 12:05:43.675" endtime="20190205 12:05:47.040"></status>
</kw>
<kw name="Verify Login Page Error Message" library="CarsApp">
<arguments>
<arg>${LoginScenario}</arg>
</arguments>
<kw name="Verify Error Message" library="SignIn">
<arguments>
<arg>${ExpectedErrorMessage}</arg>
</arguments>
<kw name="Page Should Contain" library="SeleniumLibrary">
<doc>Verifies that current page contains ``text``.</doc>
<arguments>
<arg>${ExpectedErrorMessage[2]}</arg>
</arguments>
<msg timestamp="20190205 12:05:47.060" level="INFO">Current page contains text 'You haven't signed up yet. Try a different email address or'.</msg>
<status status="PASS" starttime="20190205 12:05:47.041" endtime="20190205 12:05:47.060"></status>
</kw>
<status status="PASS" starttime="20190205 12:05:47.041" endtime="20190205 12:05:47.061"></status>
</kw>
<status status="PASS" starttime="20190205 12:05:47.040" endtime="20190205 12:05:47.061"></status>
</kw>
<status status="PASS" starttime="20190205 12:05:21.240" endtime="20190205 12:05:47.061"></status>
</kw>
<kw name="${LoginScenario} = ['sagar@example.com', 'TestPassword', &quot;You haven't signed up yet. Try a different email address or&quot;]" type="foritem">
<kw name="Navigate To" library="SignIn">
<kw name="Catenate" library="BuiltIn">
<doc>Catenates the given items together and returns the resulted string.</doc>
<arguments>
<arg>SEPARATOR=/</arg>
<arg>${BASE_URL.${ENVIRONMENT}}</arg>
<arg>${LOGIN_URL}</arg>
</arguments>
<assign>
<var>${SignInUrl}</var>
</assign>
<msg timestamp="20190205 12:05:47.062" level="INFO">${SignInUrl} = https://www.cars.com//profile/secure/login</msg>
<status status="PASS" starttime="20190205 12:05:47.061" endtime="20190205 12:05:47.062"></status>
</kw>
<kw name="Go To" library="SeleniumLibrary">
<doc>Navigates the active browser instance to the provided ``url``.</doc>
<arguments>
<arg>${SignInUrl}</arg>
</arguments>
<msg timestamp="20190205 12:05:47.062" level="INFO">Opening url 'https://www.cars.com//profile/secure/login'</msg>
<status status="PASS" starttime="20190205 12:05:47.062" endtime="20190205 12:06:03.904"></status>
</kw>
<status status="PASS" starttime="20190205 12:05:47.061" endtime="20190205 12:06:03.904"></status>
</kw>
<kw name="Attempt Login" library="CarsApp">
<arguments>
<arg>${LoginScenario}</arg>
</arguments>
<kw name="Enter Credentials" library="SignIn">
<arguments>
<arg>${Credentials}</arg>
</arguments>
<kw name="Run Keyword Unless" library="BuiltIn">
<doc>Runs the given keyword with the given arguments if ``condition`` is false.</doc>
<arguments>
<arg>'${Credentials[0]}' == '#BLANK'</arg>
<arg>Input Text</arg>
<arg>${SIGN_IN_EMAIL}</arg>
<arg>${Credentials[0]}</arg>
</arguments>
<kw name="Input Text" library="SeleniumLibrary">
<doc>Types the given ``text`` into text field identified by ``locator``.</doc>
<arguments>
<arg>${SIGN_IN_EMAIL}</arg>
<arg>${Credentials[0]}</arg>
</arguments>
<msg timestamp="20190205 12:06:03.906" level="INFO">Typing text 'sagar@example.com' into text field 'xpath=/html/body/div[2]/section/cars-profiles-lsp/cui-tabs/div/ul[2]/li[1]/div/cars-login-form/div/div[3]/form/input[1]'.</msg>
<status status="PASS" starttime="20190205 12:06:03.906" endtime="20190205 12:06:04.017"></status>
</kw>
<status status="PASS" starttime="20190205 12:06:03.905" endtime="20190205 12:06:04.017"></status>
</kw>
<kw name="Run Keyword Unless" library="BuiltIn">
<doc>Runs the given keyword with the given arguments if ``condition`` is false.</doc>
<arguments>
<arg>'${Credentials[1]}' == '#BLANK'</arg>
<arg>Input Text</arg>
<arg>${SIGN_IN_PASSWORD}</arg>
<arg>${Credentials[1]}</arg>
</arguments>
<kw name="Input Text" library="SeleniumLibrary">
<doc>Types the given ``text`` into text field identified by ``locator``.</doc>
<arguments>
<arg>${SIGN_IN_PASSWORD}</arg>
<arg>${Credentials[1]}</arg>
</arguments>
<msg timestamp="20190205 12:06:04.018" level="INFO">Typing text 'TestPassword' into text field 'xpath=/html/body/div[2]/section/cars-profiles-lsp/cui-tabs/div/ul[2]/li[1]/div/cars-login-form/div/div[3]/form/input[2]'.</msg>
<status status="PASS" starttime="20190205 12:06:04.018" endtime="20190205 12:06:04.106"></status>
</kw>
<status status="PASS" starttime="20190205 12:06:04.017" endtime="20190205 12:06:04.106"></status>
</kw>
<status status="PASS" starttime="20190205 12:06:03.905" endtime="20190205 12:06:04.106"></status>
</kw>
<kw name="Click Submit" library="SignIn">
<kw name="Click Button" library="SeleniumLibrary">
<doc>Clicks button identified by ``locator``.</doc>
<arguments>
<arg>${LOGIN_SUBMIT_BUTTON}</arg>
</arguments>
<msg timestamp="20190205 12:06:04.107" level="INFO">Clicking button 'Log In'.</msg>
<status status="PASS" starttime="20190205 12:06:04.107" endtime="20190205 12:06:04.185"></status>
</kw>
<status status="PASS" starttime="20190205 12:06:04.107" endtime="20190205 12:06:04.185"></status>
</kw>
<kw name="Sleep" library="BuiltIn">
<doc>Pauses the test executed for the given time.</doc>
<arguments>
<arg>3s</arg>
</arguments>
<msg timestamp="20190205 12:06:07.187" level="INFO">Slept 3 seconds</msg>
<status status="PASS" starttime="20190205 12:06:04.185" endtime="20190205 12:06:07.187"></status>
</kw>
<status status="PASS" starttime="20190205 12:06:03.904" endtime="20190205 12:06:07.187"></status>
</kw>
<kw name="Verify Login Page Error Message" library="CarsApp">
<arguments>
<arg>${LoginScenario}</arg>
</arguments>
<kw name="Verify Error Message" library="SignIn">
<arguments>
<arg>${ExpectedErrorMessage}</arg>
</arguments>
<kw name="Page Should Contain" library="SeleniumLibrary">
<doc>Verifies that current page contains ``text``.</doc>
<arguments>
<arg>${ExpectedErrorMessage[2]}</arg>
</arguments>
<msg timestamp="20190205 12:06:07.205" level="INFO">Current page contains text 'You haven't signed up yet. Try a different email address or'.</msg>
<status status="PASS" starttime="20190205 12:06:07.189" endtime="20190205 12:06:07.206"></status>
</kw>
<status status="PASS" starttime="20190205 12:06:07.188" endtime="20190205 12:06:07.206"></status>
</kw>
<status status="PASS" starttime="20190205 12:06:07.187" endtime="20190205 12:06:07.206"></status>
</kw>
<status status="PASS" starttime="20190205 12:05:47.061" endtime="20190205 12:06:07.206"></status>
</kw>
<kw name="${LoginScenario} = ['#BLANK', '#BLANK', 'Please enter your email address and password']" type="foritem">
<kw name="Navigate To" library="SignIn">
<kw name="Catenate" library="BuiltIn">
<doc>Catenates the given items together and returns the resulted string.</doc>
<arguments>
<arg>SEPARATOR=/</arg>
<arg>${BASE_URL.${ENVIRONMENT}}</arg>
<arg>${LOGIN_URL}</arg>
</arguments>
<assign>
<var>${SignInUrl}</var>
</assign>
<msg timestamp="20190205 12:06:07.207" level="INFO">${SignInUrl} = https://www.cars.com//profile/secure/login</msg>
<status status="PASS" starttime="20190205 12:06:07.207" endtime="20190205 12:06:07.207"></status>
</kw>
<kw name="Go To" library="SeleniumLibrary">
<doc>Navigates the active browser instance to the provided ``url``.</doc>
<arguments>
<arg>${SignInUrl}</arg>
</arguments>
<msg timestamp="20190205 12:06:07.207" level="INFO">Opening url 'https://www.cars.com//profile/secure/login'</msg>
<status status="PASS" starttime="20190205 12:06:07.207" endtime="20190205 12:06:21.311"></status>
</kw>
<status status="PASS" starttime="20190205 12:06:07.206" endtime="20190205 12:06:21.311"></status>
</kw>
<kw name="Attempt Login" library="CarsApp">
<arguments>
<arg>${LoginScenario}</arg>
</arguments>
<kw name="Enter Credentials" library="SignIn">
<arguments>
<arg>${Credentials}</arg>
</arguments>
<kw name="Run Keyword Unless" library="BuiltIn">
<doc>Runs the given keyword with the given arguments if ``condition`` is false.</doc>
<arguments>
<arg>'${Credentials[0]}' == '#BLANK'</arg>
<arg>Input Text</arg>
<arg>${SIGN_IN_EMAIL}</arg>
<arg>${Credentials[0]}</arg>
</arguments>
<status status="PASS" starttime="20190205 12:06:21.312" endtime="20190205 12:06:21.312"></status>
</kw>
<kw name="Run Keyword Unless" library="BuiltIn">
<doc>Runs the given keyword with the given arguments if ``condition`` is false.</doc>
<arguments>
<arg>'${Credentials[1]}' == '#BLANK'</arg>
<arg>Input Text</arg>
<arg>${SIGN_IN_PASSWORD}</arg>
<arg>${Credentials[1]}</arg>
</arguments>
<status status="PASS" starttime="20190205 12:06:21.312" endtime="20190205 12:06:21.313"></status>
</kw>
<status status="PASS" starttime="20190205 12:06:21.312" endtime="20190205 12:06:21.313"></status>
</kw>
<kw name="Click Submit" library="SignIn">
<kw name="Click Button" library="SeleniumLibrary">
<doc>Clicks button identified by ``locator``.</doc>
<arguments>
<arg>${LOGIN_SUBMIT_BUTTON}</arg>
</arguments>
<msg timestamp="20190205 12:06:21.313" level="INFO">Clicking button 'Log In'.</msg>
<status status="PASS" starttime="20190205 12:06:21.313" endtime="20190205 12:06:21.380"></status>
</kw>
<status status="PASS" starttime="20190205 12:06:21.313" endtime="20190205 12:06:21.380"></status>
</kw>
<kw name="Sleep" library="BuiltIn">
<doc>Pauses the test executed for the given time.</doc>
<arguments>
<arg>3s</arg>
</arguments>
<msg timestamp="20190205 12:06:24.381" level="INFO">Slept 3 seconds</msg>
<status status="PASS" starttime="20190205 12:06:21.381" endtime="20190205 12:06:24.381"></status>
</kw>
<status status="PASS" starttime="20190205 12:06:21.311" endtime="20190205 12:06:24.381"></status>
</kw>
<kw name="Verify Login Page Error Message" library="CarsApp">
<arguments>
<arg>${LoginScenario}</arg>
</arguments>
<kw name="Verify Error Message" library="SignIn">
<arguments>
<arg>${ExpectedErrorMessage}</arg>
</arguments>
<kw name="Page Should Contain" library="SeleniumLibrary">
<doc>Verifies that current page contains ``text``.</doc>
<arguments>
<arg>${ExpectedErrorMessage[2]}</arg>
</arguments>
<msg timestamp="20190205 12:06:24.400" level="INFO">Current page contains text 'Please enter your email address and password'.</msg>
<status status="PASS" starttime="20190205 12:06:24.383" endtime="20190205 12:06:24.400"></status>
</kw>
<status status="PASS" starttime="20190205 12:06:24.382" endtime="20190205 12:06:24.400"></status>
</kw>
<status status="PASS" starttime="20190205 12:06:24.382" endtime="20190205 12:06:24.401"></status>
</kw>
<status status="PASS" starttime="20190205 12:06:07.206" endtime="20190205 12:06:24.401"></status>
</kw>
<status status="PASS" starttime="20190205 12:05:21.240" endtime="20190205 12:06:24.401"></status>
</kw>
<status status="PASS" starttime="20190205 12:05:21.240" endtime="20190205 12:06:24.401"></status>
</kw>
<kw name="End Web Test" library="Common" type="teardown">
<kw name="Close All Browsers" library="SeleniumLibrary">
<doc>Closes all open browsers and resets the browser cache.</doc>
<status status="PASS" starttime="20190205 12:06:24.402" endtime="20190205 12:06:24.486"></status>
</kw>
<status status="PASS" starttime="20190205 12:06:24.401" endtime="20190205 12:06:24.486"></status>
</kw>
<status status="PASS" starttime="20190205 12:05:19.342" endtime="20190205 12:06:24.487" critical="yes"></status>
</test>
<doc>Demonstrate a need for data-driven testing</doc>
<status status="PASS" starttime="20190205 12:05:19.207" endtime="20190205 12:06:24.489"></status>
</suite>
<statistics>
<total>
<stat pass="1" fail="0">Critical Tests</stat>
<stat pass="1" fail="0">All Tests</stat>
</total>
<tag>
</tag>
<suite>
<stat pass="1" fail="0" id="s1" name="Cars">Cars</stat>
</suite>
</statistics>
<errors>
</errors>
</robot>
