<?xml version="1.0" encoding="UTF-8"?>
<robot generator="Robot 3.1.1 (Python 3.6.4 on darwin)" generated="20190129 13:50:41.775" rpa="false">
<suite id="s1" name="Dialogs" source="/Users/sdodia/PycharmProjects/Automation/robotTest/tests/dialogs.robot">
<test id="s1-t1" name="Go To Item Page and few checks">
<kw name="Begin Web Test" library="Common" type="setup">
<kw name="Open Browser" library="SeleniumLibrary">
<doc>Opens a new browser instance to the given ``url``.</doc>
<arguments>
<arg>about:blank</arg>
<arg>${BROWSER}</arg>
</arguments>
<msg timestamp="20190129 13:50:42.280" level="INFO">Opening browser 'Chrome' to base url 'about:blank'.</msg>
<status status="PASS" starttime="20190129 13:50:42.280" endtime="20190129 13:50:44.417"></status>
</kw>
<status status="PASS" starttime="20190129 13:50:42.279" endtime="20190129 13:50:44.418"></status>
</kw>
<kw name="Get Selection From User" library="Dialogs">
<doc>Pauses test execution and asks user to select a value.</doc>
<arguments>
<arg>Which browser?</arg>
<arg>chrome</arg>
<arg>ie</arg>
<arg>firefox</arg>
</arguments>
<assign>
<var>${new_browser}</var>
</assign>
<msg timestamp="20190129 13:50:57.565" level="INFO">${new_browser} = firefox</msg>
<status status="PASS" starttime="20190129 13:50:44.419" endtime="20190129 13:50:57.565"></status>
</kw>
<kw name="Set Global Variable" library="BuiltIn">
<doc>Makes a variable available globally in all tests and suites.</doc>
<arguments>
<arg>${BROWSER}</arg>
<arg>${new_browser}</arg>
</arguments>
<msg timestamp="20190129 13:50:57.566" level="INFO">${BROWSER} = firefox</msg>
<status status="PASS" starttime="20190129 13:50:57.566" endtime="20190129 13:50:57.566"></status>
</kw>
<kw name="Go to Item Page and select varient" library="Walmart">
<kw name="Load" library="ItemPage">
<kw name="Go To" library="SeleniumLibrary">
<doc>Navigates the active browser instance to the provided ``url``.</doc>
<arguments>
<arg>${ITEM_PAGE}</arg>
</arguments>
<msg timestamp="20190129 13:50:57.568" level="INFO">Opening url 'http://www.walmart.com/ip/440266612'</msg>
<status status="PASS" starttime="20190129 13:50:57.567" endtime="20190129 13:51:46.420"></status>
</kw>
<status status="PASS" starttime="20190129 13:50:57.567" endtime="20190129 13:51:46.420"></status>
</kw>
<kw name="Varify Page Loaded" library="ItemPage">
<kw name="Wait Until Page Contains" library="SeleniumLibrary">
<doc>Waits until ``text`` appears on current page.</doc>
<arguments>
<arg>Great Value Taco Seasoning Mix, Original</arg>
</arguments>
<status status="PASS" starttime="20190129 13:51:46.421" endtime="20190129 13:51:46.446"></status>
</kw>
<status status="PASS" starttime="20190129 13:51:46.421" endtime="20190129 13:51:46.446"></status>
</kw>
<kw name="Wait Until Page Contains" library="SeleniumLibrary">
<doc>Waits until ``text`` appears on current page.</doc>
<arguments>
<arg>Great Value Taco Seasoning Mix, Original</arg>
</arguments>
<status status="PASS" starttime="20190129 13:51:46.446" endtime="20190129 13:51:46.459"></status>
</kw>
<kw name="Click Element" library="SeleniumLibrary">
<doc>Click element identified by ``locator``.</doc>
<arguments>
<arg>xpath:/html/body/div[1]/div/div[1]/div/div[1]/div/div[2]/div/div/div[3]/div[4]/div[2]/div[1]/div/div/div/div[9]/div/div/div/div[2]/span[2]/div/div[1]/div[2]</arg>
</arguments>
<msg timestamp="20190129 13:51:46.460" level="INFO">Clicking element 'xpath:/html/body/div[1]/div/div[1]/div/div[1]/div/div[2]/div/div/div[3]/div[4]/div[2]/div[1]/div/div/div/div[9]/div/div/div/div[2]/span[2]/div/div[1]/div[2]'.</msg>
<status status="PASS" starttime="20190129 13:51:46.460" endtime="20190129 13:51:46.674"></status>
</kw>
<kw name="Sleep" library="BuiltIn">
<doc>Pauses the test executed for the given time.</doc>
<arguments>
<arg>1s</arg>
</arguments>
<msg timestamp="20190129 13:51:47.676" level="INFO">Slept 1 second</msg>
<status status="PASS" starttime="20190129 13:51:46.674" endtime="20190129 13:51:47.676"></status>
</kw>
<status status="PASS" starttime="20190129 13:50:57.567" endtime="20190129 13:51:47.676"></status>
</kw>
<kw name="End of Test" library="Common" type="teardown">
<kw name="Close Browser" library="SeleniumLibrary">
<doc>Closes the current browser.</doc>
<status status="PASS" starttime="20190129 13:51:47.677" endtime="20190129 13:51:47.765"></status>
</kw>
<status status="PASS" starttime="20190129 13:51:47.677" endtime="20190129 13:51:47.765"></status>
</kw>
<doc>This is some basic info about the test</doc>
<tags>
<tag>Web</tag>
</tags>
<status status="PASS" starttime="20190129 13:50:42.278" endtime="20190129 13:51:47.765" critical="yes"></status>
</test>
<test id="s1-t2" name="User must sign in to check out">
<kw name="Begin Web Test" library="Common" type="setup">
<kw name="Open Browser" library="SeleniumLibrary">
<doc>Opens a new browser instance to the given ``url``.</doc>
<arguments>
<arg>about:blank</arg>
<arg>${BROWSER}</arg>
</arguments>
<msg timestamp="20190129 13:51:47.768" level="INFO">Opening browser 'firefox' to base url 'about:blank'.</msg>
<status status="PASS" starttime="20190129 13:51:47.768" endtime="20190129 13:51:50.870"></status>
</kw>
<status status="PASS" starttime="20190129 13:51:47.768" endtime="20190129 13:51:50.870"></status>
</kw>
<kw name="Go to Item Page and select varient" library="Walmart">
<kw name="Load" library="ItemPage">
<kw name="Go To" library="SeleniumLibrary">
<doc>Navigates the active browser instance to the provided ``url``.</doc>
<arguments>
<arg>${ITEM_PAGE}</arg>
</arguments>
<msg timestamp="20190129 13:51:50.872" level="INFO">Opening url 'http://www.walmart.com/ip/440266612'</msg>
<status status="PASS" starttime="20190129 13:51:50.872" endtime="20190129 13:51:59.080"></status>
</kw>
<status status="PASS" starttime="20190129 13:51:50.871" endtime="20190129 13:51:59.080"></status>
</kw>
<kw name="Varify Page Loaded" library="ItemPage">
<kw name="Wait Until Page Contains" library="SeleniumLibrary">
<doc>Waits until ``text`` appears on current page.</doc>
<arguments>
<arg>Great Value Taco Seasoning Mix, Original</arg>
</arguments>
<status status="PASS" starttime="20190129 13:51:59.081" endtime="20190129 13:51:59.134"></status>
</kw>
<status status="PASS" starttime="20190129 13:51:59.081" endtime="20190129 13:51:59.134"></status>
</kw>
<kw name="Wait Until Page Contains" library="SeleniumLibrary">
<doc>Waits until ``text`` appears on current page.</doc>
<arguments>
<arg>Great Value Taco Seasoning Mix, Original</arg>
</arguments>
<status status="PASS" starttime="20190129 13:51:59.135" endtime="20190129 13:51:59.172"></status>
</kw>
<kw name="Click Element" library="SeleniumLibrary">
<doc>Click element identified by ``locator``.</doc>
<arguments>
<arg>xpath:/html/body/div[1]/div/div[1]/div/div[1]/div/div[2]/div/div/div[3]/div[4]/div[2]/div[1]/div/div/div/div[9]/div/div/div/div[2]/span[2]/div/div[1]/div[2]</arg>
</arguments>
<msg timestamp="20190129 13:51:59.173" level="INFO">Clicking element 'xpath:/html/body/div[1]/div/div[1]/div/div[1]/div/div[2]/div/div/div[3]/div[4]/div[2]/div[1]/div/div/div/div[9]/div/div/div/div[2]/span[2]/div/div[1]/div[2]'.</msg>
<status status="PASS" starttime="20190129 13:51:59.173" endtime="20190129 13:51:59.921"></status>
</kw>
<kw name="Sleep" library="BuiltIn">
<doc>Pauses the test executed for the given time.</doc>
<arguments>
<arg>1s</arg>
</arguments>
<msg timestamp="20190129 13:52:00.922" level="INFO">Slept 1 second</msg>
<status status="PASS" starttime="20190129 13:51:59.922" endtime="20190129 13:52:00.922"></status>
</kw>
<status status="PASS" starttime="20190129 13:51:50.871" endtime="20190129 13:52:00.923"></status>
</kw>
<kw name="Execute Manual Step" library="Dialogs">
<doc>Pauses test execution until user sets the keyword status.</doc>
<arguments>
<arg>Do something manually!</arg>
<arg>It failed!</arg>
</arguments>
<status status="PASS" starttime="20190129 13:52:00.923" endtime="20190129 13:52:10.056"></status>
</kw>
<kw name="Add to Cart and Go to Checkout" library="Walmart">
<kw name="Click Element" library="SeleniumLibrary">
<doc>Click element identified by ``locator``.</doc>
<arguments>
<arg>xpath:/html/body/div[1]/div/div[1]/div/div[1]/div/div[2]/div/div/div[3]/div[4]/div[2]/div[1]/div/div/div/div[11]/div/div/div/button/span/span</arg>
</arguments>
<msg timestamp="20190129 13:52:10.057" level="INFO">Clicking element 'xpath:/html/body/div[1]/div/div[1]/div/div[1]/div/div[2]/div/div/div[3]/div[4]/div[2]/div[1]/div/div/div/div[11]/div/div/div/button/span/span'.</msg>
<status status="PASS" starttime="20190129 13:52:10.057" endtime="20190129 13:52:11.113"></status>
</kw>
<kw name="Sleep" library="BuiltIn">
<doc>Pauses the test executed for the given time.</doc>
<arguments>
<arg>2s</arg>
</arguments>
<msg timestamp="20190129 13:52:13.114" level="INFO">Slept 2 seconds</msg>
<status status="PASS" starttime="20190129 13:52:11.114" endtime="20190129 13:52:13.114"></status>
</kw>
<kw name="Click Element" library="SeleniumLibrary">
<doc>Click element identified by ``locator``.</doc>
<arguments>
<arg>xpath:/html/body/div[2]/div/div[1]/div/div/div[2]/button/span/span</arg>
</arguments>
<msg timestamp="20190129 13:52:13.115" level="INFO">Clicking element 'xpath:/html/body/div[2]/div/div[1]/div/div/div[2]/button/span/span'.</msg>
<status status="PASS" starttime="20190129 13:52:13.115" endtime="20190129 13:52:13.511"></status>
</kw>
<kw name="Sleep" library="BuiltIn">
<doc>Pauses the test executed for the given time.</doc>
<arguments>
<arg>1s</arg>
</arguments>
<msg timestamp="20190129 13:52:14.512" level="INFO">Slept 1 second</msg>
<status status="PASS" starttime="20190129 13:52:13.511" endtime="20190129 13:52:14.512"></status>
</kw>
<kw name="Click Element" library="SeleniumLibrary">
<doc>Click element identified by ``locator``.</doc>
<arguments>
<arg>xpath:/html/body/div[1]/div/div[1]/div/div[1]/div/div[1]/header/div/div[3]/div/div/div[3]/div/a/div/span[2]</arg>
</arguments>
<msg timestamp="20190129 13:52:14.513" level="INFO">Clicking element 'xpath:/html/body/div[1]/div/div[1]/div/div[1]/div/div[1]/header/div/div[3]/div/div/div[3]/div/a/div/span[2]'.</msg>
<status status="PASS" starttime="20190129 13:52:14.513" endtime="20190129 13:52:16.962"></status>
</kw>
<kw name="Wait Until Page Contains" library="SeleniumLibrary">
<doc>Waits until ``text`` appears on current page.</doc>
<arguments>
<arg>Your cart: 1 item</arg>
</arguments>
<status status="PASS" starttime="20190129 13:52:16.963" endtime="20190129 13:52:16.984"></status>
</kw>
<kw name="Click Element" library="SeleniumLibrary">
<doc>Click element identified by ``locator``.</doc>
<arguments>
<arg>xpath://*[@id="cart-root-container-content-skip"]/div/div/div[1]/div[2]/div/div/div[2]/div/div/button[1]/span</arg>
</arguments>
<msg timestamp="20190129 13:52:16.985" level="INFO">Clicking element 'xpath://*[@id="cart-root-container-content-skip"]/div/div/div[1]/div[2]/div/div/div[2]/div/div/button[1]/span'.</msg>
<status status="PASS" starttime="20190129 13:52:16.985" endtime="20190129 13:52:19.241"></status>
</kw>
<kw name="Wait Until Page Contains" library="SeleniumLibrary">
<doc>Waits until ``text`` appears on current page.</doc>
<arguments>
<arg>Sign in</arg>
</arguments>
<status status="PASS" starttime="20190129 13:52:19.242" endtime="20190129 13:52:19.914"></status>
</kw>
<status status="PASS" starttime="20190129 13:52:10.056" endtime="20190129 13:52:19.914"></status>
</kw>
<kw name="Pause Execution" library="Dialogs">
<doc>Pauses test execution until user clicks ``Ok`` button.</doc>
<status status="PASS" starttime="20190129 13:52:19.914" endtime="20190129 13:52:25.287"></status>
</kw>
<kw name="Enter Username &amp; password" library="Walmart">
<kw name="Input Text" library="SeleniumLibrary">
<doc>Types the given ``text`` into text field identified by ``locator``.</doc>
<arguments>
<arg>id:sign-in-email</arg>
<arg>sdodia@walmartlabs.com</arg>
</arguments>
<msg timestamp="20190129 13:52:25.288" level="INFO">Typing text 'sdodia@walmartlabs.com' into text field 'id:sign-in-email'.</msg>
<status status="PASS" starttime="20190129 13:52:25.288" endtime="20190129 13:52:25.972"></status>
</kw>
<kw name="Input Text" library="SeleniumLibrary">
<doc>Types the given ``text`` into text field identified by ``locator``.</doc>
<arguments>
<arg>xpath:/html/body/div[1]/div/div[1]/div/div[1]/div[3]/div/div/div/div[1]/div/div/div/div/div[2]/div/div[1]/div/section/div/section/form/div[2]/div/div[1]/label/div[2]/div/input</arg>
<arg>urvashi5$</arg>
</arguments>
<msg timestamp="20190129 13:52:25.972" level="INFO">Typing text 'urvashi5$' into text field 'xpath:/html/body/div[1]/div/div[1]/div/div[1]/div[3]/div/div/div/div[1]/div/div/div/div/div[2]/div/div[1]/div/section/div/section/form/div[2]/div/div[1]/label/div[2]/div/input'.</msg>
<status status="PASS" starttime="20190129 13:52:25.972" endtime="20190129 13:52:26.210"></status>
</kw>
<kw name="Sleep" library="BuiltIn">
<doc>Pauses the test executed for the given time.</doc>
<arguments>
<arg>2s</arg>
</arguments>
<msg timestamp="20190129 13:52:28.211" level="INFO">Slept 2 seconds</msg>
<status status="PASS" starttime="20190129 13:52:26.210" endtime="20190129 13:52:28.211"></status>
</kw>
<status status="PASS" starttime="20190129 13:52:25.287" endtime="20190129 13:52:28.211"></status>
</kw>
<kw name="End of Test" library="Common" type="teardown">
<kw name="Close Browser" library="SeleniumLibrary">
<doc>Closes the current browser.</doc>
<status status="PASS" starttime="20190129 13:52:28.212" endtime="20190129 13:52:29.441"></status>
</kw>
<status status="PASS" starttime="20190129 13:52:28.212" endtime="20190129 13:52:29.442"></status>
</kw>
<doc>This is some basic info about the test</doc>
<tags>
<tag>Web</tag>
</tags>
<status status="PASS" starttime="20190129 13:51:47.767" endtime="20190129 13:52:29.442" critical="yes"></status>
</test>
<doc>These are some web tests</doc>
<status status="PASS" starttime="20190129 13:50:41.777" endtime="20190129 13:52:29.443"></status>
</suite>
<statistics>
<total>
<stat pass="2" fail="0">Critical Tests</stat>
<stat pass="2" fail="0">All Tests</stat>
</total>
<tag>
<stat pass="2" fail="0">Web</stat>
</tag>
<suite>
<stat pass="2" fail="0" id="s1" name="Dialogs">Dialogs</stat>
</suite>
</statistics>
<errors>
</errors>
</robot>
