<?xml version="1.0" encoding="UTF-8"?>
<robot generator="Robot 3.1.1 (Python 3.6.4 on darwin)" generated="20190204 16:45:58.106" rpa="false">
<suite id="s1" name="Cars" source="/Users/sdodia/PycharmProjects/Automation/data-driven-builtin-my/tests/cars.robot">
<test id="s1-t1" name="Invalid login scenarios should display correct error messages">
<kw name="Begin Web Test" library="Common" type="setup">
<kw name="Open Browser" library="SeleniumLibrary">
<doc>Opens a new browser instance to the given ``url``.</doc>
<arguments>
<arg>about:blank</arg>
<arg>${BROWSER}</arg>
</arguments>
<msg timestamp="20190204 16:45:58.237" level="INFO">Opening browser 'chrome' to base url 'about:blank'.</msg>
<status status="PASS" starttime="20190204 16:45:58.237" endtime="20190204 16:46:00.143"></status>
</kw>
<status status="PASS" starttime="20190204 16:45:58.237" endtime="20190204 16:46:00.144"></status>
</kw>
<kw name="Test Multiple Login Scenrios" library="CarsApp">
<arguments>
<arg>${UNREGISTERED_USER}</arg>
</arguments>
<kw name="Navigate to Sign In Page" library="CarsApp">
<kw name="Navigate To" library="SignIn">
<kw name="Catenate" library="BuiltIn">
<doc>Catenates the given items together and returns the resulted string.</doc>
<arguments>
<arg>SEPARATOR=/</arg>
<arg>${BASE_URL.${ENVIRONMENT}}</arg>
<arg>${LOGIN_URL}</arg>
</arguments>
<assign>
<var>${SignInUrl}</var>
</assign>
<msg timestamp="20190204 16:46:00.147" level="INFO">${SignInUrl} = https://www.cars.com//profile/secure/login</msg>
<status status="PASS" starttime="20190204 16:46:00.147" endtime="20190204 16:46:00.148"></status>
</kw>
<kw name="Go To" library="SeleniumLibrary">
<doc>Navigates the active browser instance to the provided ``url``.</doc>
<arguments>
<arg>${SignInUrl}</arg>
</arguments>
<msg timestamp="20190204 16:46:00.148" level="INFO">Opening url 'https://www.cars.com//profile/secure/login'</msg>
<status status="PASS" starttime="20190204 16:46:00.148" endtime="20190204 16:46:12.581"></status>
</kw>
<status status="PASS" starttime="20190204 16:46:00.146" endtime="20190204 16:46:12.582"></status>
</kw>
<status status="PASS" starttime="20190204 16:46:00.146" endtime="20190204 16:46:12.582"></status>
</kw>
<kw name="Attempt Login" library="CarsApp">
<arguments>
<arg>${Credentials}</arg>
</arguments>
<kw name="Enter Credentials" library="SignIn">
<arguments>
<arg>${Credentials}</arg>
</arguments>
<kw name="Run Keyword Unless" library="BuiltIn">
<doc>Runs the given keyword with the given arguments if ``condition`` is false.</doc>
<arguments>
<arg>'${Credentials.Email}' == '#BLANK'</arg>
<arg>Input Text</arg>
<arg>${SIGN_IN_EMAIL}</arg>
<arg>${Credentials.Email}</arg>
</arguments>
<kw name="Input Text" library="SeleniumLibrary">
<doc>Types the given ``text`` into text field identified by ``locator``.</doc>
<arguments>
<arg>${SIGN_IN_EMAIL}</arg>
<arg>${Credentials.Email}</arg>
</arguments>
<msg timestamp="20190204 16:46:12.584" level="INFO">Typing text 'admin@robotframeworktutorial.com' into text field 'xpath=/html/body/div[2]/section/cars-profiles-lsp/cui-tabs/div/ul[2]/li[1]/div/cars-login-form/div/div[3]/form/input[1]'.</msg>
<status status="PASS" starttime="20190204 16:46:12.583" endtime="20190204 16:46:13.220"></status>
</kw>
<status status="PASS" starttime="20190204 16:46:12.583" endtime="20190204 16:46:13.220"></status>
</kw>
<kw name="Run Keyword Unless" library="BuiltIn">
<doc>Runs the given keyword with the given arguments if ``condition`` is false.</doc>
<arguments>
<arg>'${Credentials.Password}' == '#BLANK'</arg>
<arg>Input Text</arg>
<arg>${SIGN_IN_PASSWORD}</arg>
<arg>${Credentials.Password}</arg>
</arguments>
<kw name="Input Text" library="SeleniumLibrary">
<doc>Types the given ``text`` into text field identified by ``locator``.</doc>
<arguments>
<arg>${SIGN_IN_PASSWORD}</arg>
<arg>${Credentials.Password}</arg>
</arguments>
<msg timestamp="20190204 16:46:13.221" level="INFO">Typing text 'TestPassword!' into text field 'xpath=/html/body/div[2]/section/cars-profiles-lsp/cui-tabs/div/ul[2]/li[1]/div/cars-login-form/div/div[3]/form/input[2]'.</msg>
<status status="PASS" starttime="20190204 16:46:13.220" endtime="20190204 16:46:13.323"></status>
</kw>
<status status="PASS" starttime="20190204 16:46:13.220" endtime="20190204 16:46:13.323"></status>
</kw>
<status status="PASS" starttime="20190204 16:46:12.582" endtime="20190204 16:46:13.323"></status>
</kw>
<kw name="Click Submit" library="SignIn">
<kw name="Click Button" library="SeleniumLibrary">
<doc>Clicks button identified by ``locator``.</doc>
<arguments>
<arg>${LOGIN_SUBMIT_BUTTON}</arg>
</arguments>
<msg timestamp="20190204 16:46:13.324" level="INFO">Clicking button 'Log In'.</msg>
<status status="PASS" starttime="20190204 16:46:13.324" endtime="20190204 16:46:13.419"></status>
</kw>
<status status="PASS" starttime="20190204 16:46:13.323" endtime="20190204 16:46:13.419"></status>
</kw>
<kw name="Sleep" library="BuiltIn">
<doc>Pauses the test executed for the given time.</doc>
<arguments>
<arg>1s</arg>
</arguments>
<msg timestamp="20190204 16:46:14.421" level="INFO">Slept 1 second</msg>
<status status="PASS" starttime="20190204 16:46:13.419" endtime="20190204 16:46:14.422"></status>
</kw>
<status status="PASS" starttime="20190204 16:46:12.582" endtime="20190204 16:46:14.422"></status>
</kw>
<kw name="Verify Login Page Error Message" library="CarsApp">
<arguments>
<arg>${Credentials.ExpectedErrorMessage}</arg>
</arguments>
<kw name="Verify Error Message" library="SignIn">
<arguments>
<arg>${ExpectedErrorMessage}</arg>
</arguments>
<kw name="Page Should Contain" library="SeleniumLibrary">
<doc>Verifies that current page contains ``text``.</doc>
<arguments>
<arg>${ExpectedErrorMessage}</arg>
</arguments>
<kw name="Capture Page Screenshot" library="SeleniumLibrary">
<doc>Takes screenshot of the current page and embeds it into log file.</doc>
<msg timestamp="20190204 16:46:15.150" level="INFO" html="yes">&lt;/td&gt;&lt;/tr&gt;&lt;tr&gt;&lt;td colspan="3"&gt;&lt;a href="selenium-screenshot-8.png"&gt;&lt;img src="selenium-screenshot-8.png" width="800px"&gt;&lt;/a&gt;</msg>
<status status="PASS" starttime="20190204 16:46:14.724" endtime="20190204 16:46:15.150"></status>
</kw>
<msg timestamp="20190204 16:46:15.151" level="FAIL">Page should have contained text 'You haven't signed up yet. Try a different email address or' but did not.</msg>
<status status="FAIL" starttime="20190204 16:46:14.424" endtime="20190204 16:46:15.151"></status>
</kw>
<status status="FAIL" starttime="20190204 16:46:14.423" endtime="20190204 16:46:15.151"></status>
</kw>
<status status="FAIL" starttime="20190204 16:46:14.422" endtime="20190204 16:46:15.151"></status>
</kw>
<status status="FAIL" starttime="20190204 16:46:00.144" endtime="20190204 16:46:15.151"></status>
</kw>
<kw name="Test Multiple Login Scenrios" library="CarsApp">
<arguments>
<arg>${INVALID_PASSWORD_USER}</arg>
</arguments>
<kw name="Navigate to Sign In Page" library="CarsApp">
<kw name="Navigate To" library="SignIn">
<kw name="Catenate" library="BuiltIn">
<doc>Catenates the given items together and returns the resulted string.</doc>
<arguments>
<arg>SEPARATOR=/</arg>
<arg>${BASE_URL.${ENVIRONMENT}}</arg>
<arg>${LOGIN_URL}</arg>
</arguments>
<assign>
<var>${SignInUrl}</var>
</assign>
<msg timestamp="20190204 16:46:15.153" level="INFO">${SignInUrl} = https://www.cars.com//profile/secure/login</msg>
<status status="PASS" starttime="20190204 16:46:15.152" endtime="20190204 16:46:15.153"></status>
</kw>
<kw name="Go To" library="SeleniumLibrary">
<doc>Navigates the active browser instance to the provided ``url``.</doc>
<arguments>
<arg>${SignInUrl}</arg>
</arguments>
<msg timestamp="20190204 16:46:15.153" level="INFO">Opening url 'https://www.cars.com//profile/secure/login'</msg>
<status status="PASS" starttime="20190204 16:46:15.153" endtime="20190204 16:46:21.366"></status>
</kw>
<status status="PASS" starttime="20190204 16:46:15.152" endtime="20190204 16:46:21.367"></status>
</kw>
<status status="PASS" starttime="20190204 16:46:15.152" endtime="20190204 16:46:21.367"></status>
</kw>
<kw name="Attempt Login" library="CarsApp">
<arguments>
<arg>${Credentials}</arg>
</arguments>
<kw name="Enter Credentials" library="SignIn">
<arguments>
<arg>${Credentials}</arg>
</arguments>
<kw name="Run Keyword Unless" library="BuiltIn">
<doc>Runs the given keyword with the given arguments if ``condition`` is false.</doc>
<arguments>
<arg>'${Credentials.Email}' == '#BLANK'</arg>
<arg>Input Text</arg>
<arg>${SIGN_IN_EMAIL}</arg>
<arg>${Credentials.Email}</arg>
</arguments>
<kw name="Input Text" library="SeleniumLibrary">
<doc>Types the given ``text`` into text field identified by ``locator``.</doc>
<arguments>
<arg>${SIGN_IN_EMAIL}</arg>
<arg>${Credentials.Email}</arg>
</arguments>
<msg timestamp="20190204 16:46:21.369" level="INFO">Typing text 'Sagar@Example.com' into text field 'xpath=/html/body/div[2]/section/cars-profiles-lsp/cui-tabs/div/ul[2]/li[1]/div/cars-login-form/div/div[3]/form/input[1]'.</msg>
<status status="PASS" starttime="20190204 16:46:21.368" endtime="20190204 16:46:21.771"></status>
</kw>
<status status="PASS" starttime="20190204 16:46:21.368" endtime="20190204 16:46:21.772"></status>
</kw>
<kw name="Run Keyword Unless" library="BuiltIn">
<doc>Runs the given keyword with the given arguments if ``condition`` is false.</doc>
<arguments>
<arg>'${Credentials.Password}' == '#BLANK'</arg>
<arg>Input Text</arg>
<arg>${SIGN_IN_PASSWORD}</arg>
<arg>${Credentials.Password}</arg>
</arguments>
<kw name="Input Text" library="SeleniumLibrary">
<doc>Types the given ``text`` into text field identified by ``locator``.</doc>
<arguments>
<arg>${SIGN_IN_PASSWORD}</arg>
<arg>${Credentials.Password}</arg>
</arguments>
<msg timestamp="20190204 16:46:21.772" level="INFO">Typing text 'TestPassword!' into text field 'xpath=/html/body/div[2]/section/cars-profiles-lsp/cui-tabs/div/ul[2]/li[1]/div/cars-login-form/div/div[3]/form/input[2]'.</msg>
<status status="PASS" starttime="20190204 16:46:21.772" endtime="20190204 16:46:21.870"></status>
</kw>
<status status="PASS" starttime="20190204 16:46:21.772" endtime="20190204 16:46:21.870"></status>
</kw>
<status status="PASS" starttime="20190204 16:46:21.368" endtime="20190204 16:46:21.870"></status>
</kw>
<kw name="Click Submit" library="SignIn">
<kw name="Click Button" library="SeleniumLibrary">
<doc>Clicks button identified by ``locator``.</doc>
<arguments>
<arg>${LOGIN_SUBMIT_BUTTON}</arg>
</arguments>
<msg timestamp="20190204 16:46:21.871" level="INFO">Clicking button 'Log In'.</msg>
<status status="PASS" starttime="20190204 16:46:21.870" endtime="20190204 16:46:21.940"></status>
</kw>
<status status="PASS" starttime="20190204 16:46:21.870" endtime="20190204 16:46:21.941"></status>
</kw>
<kw name="Sleep" library="BuiltIn">
<doc>Pauses the test executed for the given time.</doc>
<arguments>
<arg>1s</arg>
</arguments>
<msg timestamp="20190204 16:46:22.941" level="INFO">Slept 1 second</msg>
<status status="PASS" starttime="20190204 16:46:21.941" endtime="20190204 16:46:22.942"></status>
</kw>
<status status="PASS" starttime="20190204 16:46:21.367" endtime="20190204 16:46:22.942"></status>
</kw>
<kw name="Verify Login Page Error Message" library="CarsApp">
<arguments>
<arg>${Credentials.ExpectedErrorMessage}</arg>
</arguments>
<kw name="Verify Error Message" library="SignIn">
<arguments>
<arg>${ExpectedErrorMessage}</arg>
</arguments>
<kw name="Page Should Contain" library="SeleniumLibrary">
<doc>Verifies that current page contains ``text``.</doc>
<arguments>
<arg>${ExpectedErrorMessage}</arg>
</arguments>
<msg timestamp="20190204 16:46:22.961" level="INFO">Current page contains text 'You haven't signed up yet. Try a different email address orsign up.'.</msg>
<status status="PASS" starttime="20190204 16:46:22.944" endtime="20190204 16:46:22.962"></status>
</kw>
<status status="PASS" starttime="20190204 16:46:22.943" endtime="20190204 16:46:22.962"></status>
</kw>
<status status="PASS" starttime="20190204 16:46:22.942" endtime="20190204 16:46:22.962"></status>
</kw>
<status status="PASS" starttime="20190204 16:46:15.151" endtime="20190204 16:46:22.962"></status>
</kw>
<kw name="Test Multiple Login Scenrios" library="CarsApp">
<arguments>
<arg>${BLANK_CREDENTIALS_USER}</arg>
</arguments>
<kw name="Navigate to Sign In Page" library="CarsApp">
<kw name="Navigate To" library="SignIn">
<kw name="Catenate" library="BuiltIn">
<doc>Catenates the given items together and returns the resulted string.</doc>
<arguments>
<arg>SEPARATOR=/</arg>
<arg>${BASE_URL.${ENVIRONMENT}}</arg>
<arg>${LOGIN_URL}</arg>
</arguments>
<assign>
<var>${SignInUrl}</var>
</assign>
<msg timestamp="20190204 16:46:22.964" level="INFO">${SignInUrl} = https://www.cars.com//profile/secure/login</msg>
<status status="PASS" starttime="20190204 16:46:22.964" endtime="20190204 16:46:22.964"></status>
</kw>
<kw name="Go To" library="SeleniumLibrary">
<doc>Navigates the active browser instance to the provided ``url``.</doc>
<arguments>
<arg>${SignInUrl}</arg>
</arguments>
<msg timestamp="20190204 16:46:22.965" level="INFO">Opening url 'https://www.cars.com//profile/secure/login'</msg>
<status status="PASS" starttime="20190204 16:46:22.964" endtime="20190204 16:46:24.210"></status>
</kw>
<status status="PASS" starttime="20190204 16:46:22.963" endtime="20190204 16:46:24.210"></status>
</kw>
<status status="PASS" starttime="20190204 16:46:22.963" endtime="20190204 16:46:24.210"></status>
</kw>
<kw name="Attempt Login" library="CarsApp">
<arguments>
<arg>${Credentials}</arg>
</arguments>
<kw name="Enter Credentials" library="SignIn">
<arguments>
<arg>${Credentials}</arg>
</arguments>
<kw name="Run Keyword Unless" library="BuiltIn">
<doc>Runs the given keyword with the given arguments if ``condition`` is false.</doc>
<arguments>
<arg>'${Credentials.Email}' == '#BLANK'</arg>
<arg>Input Text</arg>
<arg>${SIGN_IN_EMAIL}</arg>
<arg>${Credentials.Email}</arg>
</arguments>
<status status="PASS" starttime="20190204 16:46:24.211" endtime="20190204 16:46:24.212"></status>
</kw>
<kw name="Run Keyword Unless" library="BuiltIn">
<doc>Runs the given keyword with the given arguments if ``condition`` is false.</doc>
<arguments>
<arg>'${Credentials.Password}' == '#BLANK'</arg>
<arg>Input Text</arg>
<arg>${SIGN_IN_PASSWORD}</arg>
<arg>${Credentials.Password}</arg>
</arguments>
<status status="PASS" starttime="20190204 16:46:24.212" endtime="20190204 16:46:24.212"></status>
</kw>
<status status="PASS" starttime="20190204 16:46:24.211" endtime="20190204 16:46:24.212"></status>
</kw>
<kw name="Click Submit" library="SignIn">
<kw name="Click Button" library="SeleniumLibrary">
<doc>Clicks button identified by ``locator``.</doc>
<arguments>
<arg>${LOGIN_SUBMIT_BUTTON}</arg>
</arguments>
<msg timestamp="20190204 16:46:24.213" level="INFO">Clicking button 'Log In'.</msg>
<status status="PASS" starttime="20190204 16:46:24.213" endtime="20190204 16:46:24.500"></status>
</kw>
<status status="PASS" starttime="20190204 16:46:24.213" endtime="20190204 16:46:24.500"></status>
</kw>
<kw name="Sleep" library="BuiltIn">
<doc>Pauses the test executed for the given time.</doc>
<arguments>
<arg>1s</arg>
</arguments>
<msg timestamp="20190204 16:46:25.503" level="INFO">Slept 1 second</msg>
<status status="PASS" starttime="20190204 16:46:24.500" endtime="20190204 16:46:25.503"></status>
</kw>
<status status="PASS" starttime="20190204 16:46:24.210" endtime="20190204 16:46:25.503"></status>
</kw>
<kw name="Verify Login Page Error Message" library="CarsApp">
<arguments>
<arg>${Credentials.ExpectedErrorMessage}</arg>
</arguments>
<kw name="Verify Error Message" library="SignIn">
<arguments>
<arg>${ExpectedErrorMessage}</arg>
</arguments>
<kw name="Page Should Contain" library="SeleniumLibrary">
<doc>Verifies that current page contains ``text``.</doc>
<arguments>
<arg>${ExpectedErrorMessage}</arg>
</arguments>
<msg timestamp="20190204 16:46:25.526" level="INFO">Current page contains text 'Please enter your email address and password.'.</msg>
<status status="PASS" starttime="20190204 16:46:25.505" endtime="20190204 16:46:25.526"></status>
</kw>
<status status="PASS" starttime="20190204 16:46:25.504" endtime="20190204 16:46:25.526"></status>
</kw>
<status status="PASS" starttime="20190204 16:46:25.504" endtime="20190204 16:46:25.526"></status>
</kw>
<status status="PASS" starttime="20190204 16:46:22.963" endtime="20190204 16:46:25.526"></status>
</kw>
<kw name="End Web Test" library="Common" type="teardown">
<kw name="Close All Browsers" library="SeleniumLibrary">
<doc>Closes all open browsers and resets the browser cache.</doc>
<status status="PASS" starttime="20190204 16:46:25.527" endtime="20190204 16:46:25.613"></status>
</kw>
<status status="PASS" starttime="20190204 16:46:25.527" endtime="20190204 16:46:25.613"></status>
</kw>
<status status="FAIL" starttime="20190204 16:45:58.236" endtime="20190204 16:46:25.613" critical="yes">Page should have contained text 'You haven't signed up yet. Try a different email address or' but did not.</status>
</test>
<doc>Demonstrate a need for data-driven testing</doc>
<status status="FAIL" starttime="20190204 16:45:58.108" endtime="20190204 16:46:25.616"></status>
</suite>
<statistics>
<total>
<stat pass="0" fail="1">Critical Tests</stat>
<stat pass="0" fail="1">All Tests</stat>
</total>
<tag>
</tag>
<suite>
<stat pass="0" fail="1" id="s1" name="Cars">Cars</stat>
</suite>
</statistics>
<errors>
</errors>
</robot>
